<?xml version="1.0" encoding="UTF-8"?>
<coverage generated="1678211009377" clover="3.2.0">
  <project timestamp="1678211009377" name="All files">
    <metrics statements="46" coveredstatements="42" conditionals="12" coveredconditionals="9" methods="21" coveredmethods="16" elements="79" coveredelements="67" complexity="0" loc="46" ncloc="46" packages="3" files="8" classes="8"/>
    <package name="components">
      <metrics statements="43" coveredstatements="39" conditionals="12" coveredconditionals="9" methods="21" coveredmethods="16"/>
      <file name="Body.js" path="E:\projects\FoodVilla\src\components\Body.js">
        <metrics statements="15" coveredstatements="15" conditionals="4" coveredconditionals="3" methods="6" coveredmethods="6"/>
        <line num="9" count="1" type="stmt"/>
        <line num="10" count="8" type="stmt"/>
        <line num="11" count="7" type="stmt"/>
        <line num="12" count="7" type="stmt"/>
        <line num="13" count="7" type="stmt"/>
        <line num="14" count="3" type="stmt"/>
        <line num="17" count="7" type="stmt"/>
        <line num="18" count="3" type="stmt"/>
        <line num="21" count="3" type="stmt"/>
        <line num="22" count="3" type="stmt"/>
        <line num="23" count="3" type="stmt"/>
        <line num="26" count="7" type="cond" truecount="2" falsecount="0"/>
        <line num="36" count="1" type="stmt"/>
        <line num="42" count="1" type="stmt"/>
        <line num="53" count="46" type="stmt"/>
      </file>
      <file name="Header.js" path="E:\projects\FoodVilla\src\components\Header.js">
        <metrics statements="8" coveredstatements="7" conditionals="4" coveredconditionals="2" methods="5" coveredmethods="3"/>
        <line num="9" count="2" type="stmt"/>
        <line num="10" count="5" type="stmt"/>
        <line num="15" count="2" type="stmt"/>
        <line num="16" count="5" type="stmt"/>
        <line num="17" count="5" type="stmt"/>
        <line num="18" count="6" type="stmt"/>
        <line num="19" count="5" type="stmt"/>
        <line num="33" count="0" type="cond" truecount="1" falsecount="1"/>
      </file>
      <file name="MenuItem.js" path="E:\projects\FoodVilla\src\components\MenuItem.js">
        <metrics statements="9" coveredstatements="7" conditionals="2" coveredconditionals="2" methods="5" coveredmethods="3"/>
        <line num="5" count="1" type="stmt"/>
        <line num="6" count="139" type="stmt"/>
        <line num="7" count="139" type="stmt"/>
        <line num="8" count="1" type="stmt"/>
        <line num="11" count="139" type="stmt"/>
        <line num="12" count="0" type="stmt"/>
        <line num="14" count="139" type="stmt"/>
        <line num="23" count="1" type="stmt"/>
        <line num="24" count="0" type="stmt"/>
      </file>
      <file name="RestaurantMenu.js" path="E:\projects\FoodVilla\src\components\RestaurantMenu.js">
        <metrics statements="8" coveredstatements="7" conditionals="2" coveredconditionals="2" methods="3" coveredmethods="2"/>
        <line num="10" count="1" type="stmt"/>
        <line num="11" count="2" type="stmt"/>
        <line num="12" count="2" type="stmt"/>
        <line num="13" count="2" type="stmt"/>
        <line num="14" count="2" type="stmt"/>
        <line num="15" count="0" type="stmt"/>
        <line num="18" count="2" type="cond" truecount="2" falsecount="0"/>
        <line num="36" count="138" type="stmt"/>
      </file>
      <file name="Shimmer.js" path="E:\projects\FoodVilla\src\components\Shimmer.js">
        <metrics statements="3" coveredstatements="3" conditionals="0" coveredconditionals="0" methods="2" coveredmethods="2"/>
        <line num="1" count="2" type="stmt"/>
        <line num="2" count="4" type="stmt"/>
        <line num="9" count="72" type="stmt"/>
      </file>
    </package>
    <package name="mocks">
      <metrics statements="2" coveredstatements="2" conditionals="0" coveredconditionals="0" methods="0" coveredmethods="0"/>
      <file name="dummyData.js" path="E:\projects\FoodVilla\src\mocks\dummyData.js">
        <metrics statements="2" coveredstatements="2" conditionals="0" coveredconditionals="0" methods="0" coveredmethods="0"/>
        <line num="1" count="2" type="stmt"/>
        <line num="17754" count="2" type="stmt"/>
      </file>
      <file name="dummyLogo.js" path="E:\projects\FoodVilla\src\mocks\dummyLogo.js">
        <metrics statements="0" coveredstatements="0" conditionals="0" coveredconditionals="0" methods="0" coveredmethods="0"/>
      </file>
    </package>
    <package name="utils">
      <metrics statements="1" coveredstatements="1" conditionals="0" coveredconditionals="0" methods="0" coveredmethods="0"/>
      <file name="store.js" path="E:\projects\FoodVilla\src\utils\store.js">
        <metrics statements="1" coveredstatements="1" conditionals="0" coveredconditionals="0" methods="0" coveredmethods="0"/>
        <line num="4" count="3" type="stmt"/>
      </file>
    </package>
  </project>
</coverage>
