{"E:\\projects\\FoodVilla\\src\\components\\Body.js": {"path":"E:\\projects\\FoodVilla\\src\\components\\Body.js","statementMap":{"0":{"start":{"line":9,"column":13},"end":{"line":61,"column":1}},"1":{"start":{"line":10,"column":40},"end":{"line":10,"column":50}},"2":{"start":{"line":11,"column":50},"end":{"line":11,"column":62}},"3":{"start":{"line":12,"column":46},"end":{"line":12,"column":58}},"4":{"start":{"line":13,"column":2},"end":{"line":15,"column":9}},"5":{"start":{"line":14,"column":4},"end":{"line":14,"column":21}},"6":{"start":{"line":17,"column":25},"end":{"line":24,"column":3}},"7":{"start":{"line":18,"column":17},"end":{"line":20,"column":5}},"8":{"start":{"line":21,"column":17},"end":{"line":21,"column":34}},"9":{"start":{"line":22,"column":4},"end":{"line":22,"column":63}},"10":{"start":{"line":23,"column":4},"end":{"line":23,"column":65}},"11":{"start":{"line":26,"column":2},"end":{"line":60,"column":4}},"12":{"start":{"line":36,"column":27},"end":{"line":36,"column":57}},"13":{"start":{"line":42,"column":12},"end":{"line":42,"column":72}},"14":{"start":{"line":53,"column":12},"end":{"line":55,"column":14}}},"fnMap":{"0":{"name":"(anonymous_0)","decl":{"start":{"line":9,"column":13},"end":{"line":9,"column":14}},"loc":{"start":{"line":9,"column":19},"end":{"line":61,"column":1}},"line":9},"1":{"name":"(anonymous_1)","decl":{"start":{"line":13,"column":12},"end":{"line":13,"column":13}},"loc":{"start":{"line":13,"column":18},"end":{"line":15,"column":3}},"line":13},"2":{"name":"(anonymous_2)","decl":{"start":{"line":17,"column":25},"end":{"line":17,"column":26}},"loc":{"start":{"line":17,"column":37},"end":{"line":24,"column":3}},"line":17},"3":{"name":"(anonymous_3)","decl":{"start":{"line":36,"column":20},"end":{"line":36,"column":21}},"loc":{"start":{"line":36,"column":27},"end":{"line":36,"column":57}},"line":36},"4":{"name":"(anonymous_4)","decl":{"start":{"line":41,"column":19},"end":{"line":41,"column":20}},"loc":{"start":{"line":42,"column":12},"end":{"line":42,"column":72}},"line":42},"5":{"name":"(anonymous_5)","decl":{"start":{"line":52,"column":32},"end":{"line":52,"column":33}},"loc":{"start":{"line":52,"column":48},"end":{"line":56,"column":11}},"line":52}},"branchMap":{"0":{"loc":{"start":{"line":26,"column":9},"end":{"line":60,"column":3}},"type":"cond-expr","locations":[{"start":{"line":27,"column":4},"end":{"line":27,"column":15}},{"start":{"line":29,"column":4},"end":{"line":59,"column":7}}],"line":26},"1":{"loc":{"start":{"line":49,"column":9},"end":{"line":57,"column":9}},"type":"cond-expr","locations":[{"start":{"line":50,"column":10},"end":{"line":50,"column":49}},{"start":{"line":52,"column":10},"end":{"line":56,"column":12}}],"line":49}},"s":{"0":1,"1":8,"2":7,"3":7,"4":7,"5":3,"6":7,"7":3,"8":3,"9":3,"10":3,"11":7,"12":1,"13":1,"14":46},"f":{"0":8,"1":3,"2":3,"3":1,"4":1,"5":46},"b":{"0":[3,4],"1":[0,4]},"_coverageSchema":"1a1c01bbd47fc00a2c39e90264f33305004495a9","hash":"479f714ce10f15642cc747137dffd228eb739109"}
,"E:\\projects\\FoodVilla\\src\\components\\Header.js": {"path":"E:\\projects\\FoodVilla\\src\\components\\Header.js","statementMap":{"0":{"start":{"line":9,"column":14},"end":{"line":13,"column":1}},"1":{"start":{"line":10,"column":4},"end":{"line":12,"column":8}},"2":{"start":{"line":15,"column":15},"end":{"line":38,"column":2}},"3":{"start":{"line":16,"column":40},"end":{"line":16,"column":55}},"4":{"start":{"line":17,"column":21},"end":{"line":17,"column":32}},"5":{"start":{"line":18,"column":22},"end":{"line":18,"column":60}},"6":{"start":{"line":18,"column":43},"end":{"line":18,"column":59}},"7":{"start":{"line":19,"column":4},"end":{"line":38,"column":1}},"8":{"start":{"line":33,"column":48},"end":{"line":33,"column":68}},"9":{"start":{"line":33,"column":109},"end":{"line":33,"column":128}}},"fnMap":{"0":{"name":"(anonymous_0)","decl":{"start":{"line":9,"column":14},"end":{"line":9,"column":15}},"loc":{"start":{"line":10,"column":4},"end":{"line":12,"column":8}},"line":10},"1":{"name":"(anonymous_1)","decl":{"start":{"line":15,"column":15},"end":{"line":15,"column":16}},"loc":{"start":{"line":15,"column":20},"end":{"line":38,"column":2}},"line":15},"2":{"name":"(anonymous_2)","decl":{"start":{"line":18,"column":34},"end":{"line":18,"column":35}},"loc":{"start":{"line":18,"column":43},"end":{"line":18,"column":59}},"line":18},"3":{"name":"(anonymous_3)","decl":{"start":{"line":33,"column":44},"end":{"line":33,"column":45}},"loc":{"start":{"line":33,"column":48},"end":{"line":33,"column":68}},"line":33},"4":{"name":"(anonymous_4)","decl":{"start":{"line":33,"column":105},"end":{"line":33,"column":106}},"loc":{"start":{"line":33,"column":109},"end":{"line":33,"column":128}},"line":33}},"branchMap":{"0":{"loc":{"start":{"line":31,"column":43},"end":{"line":31,"column":61}},"type":"cond-expr","locations":[{"start":{"line":31,"column":52},"end":{"line":31,"column":55}},{"start":{"line":31,"column":58},"end":{"line":31,"column":61}}],"line":31},"1":{"loc":{"start":{"line":33,"column":12},"end":{"line":33,"column":144}},"type":"cond-expr","locations":[{"start":{"line":33,"column":27},"end":{"line":33,"column":85}},{"start":{"line":33,"column":88},"end":{"line":33,"column":144}}],"line":33}},"s":{"0":2,"1":5,"2":2,"3":5,"4":5,"5":5,"6":6,"7":5,"8":0,"9":0},"f":{"0":5,"1":5,"2":6,"3":0,"4":0},"b":{"0":[5,0],"1":[0,5]},"_coverageSchema":"1a1c01bbd47fc00a2c39e90264f33305004495a9","hash":"95d8fed87a4c39c5ba59aef6508290c85fa7bb1e"}
,"E:\\projects\\FoodVilla\\src\\components\\MenuItem.js": {"path":"E:\\projects\\FoodVilla\\src\\components\\MenuItem.js","statementMap":{"0":{"start":{"line":5,"column":17},"end":{"line":28,"column":1}},"1":{"start":{"line":6,"column":21},"end":{"line":6,"column":34}},"2":{"start":{"line":7,"column":26},"end":{"line":9,"column":5}},"3":{"start":{"line":8,"column":8},"end":{"line":8,"column":45}},"4":{"start":{"line":11,"column":29},"end":{"line":13,"column":5}},"5":{"start":{"line":12,"column":8},"end":{"line":12,"column":35}},"6":{"start":{"line":14,"column":4},"end":{"line":27,"column":5}},"7":{"start":{"line":23,"column":125},"end":{"line":23,"column":145}},"8":{"start":{"line":24,"column":104},"end":{"line":24,"column":127}}},"fnMap":{"0":{"name":"(anonymous_0)","decl":{"start":{"line":5,"column":17},"end":{"line":5,"column":18}},"loc":{"start":{"line":5,"column":27},"end":{"line":28,"column":1}},"line":5},"1":{"name":"(anonymous_1)","decl":{"start":{"line":7,"column":26},"end":{"line":7,"column":27}},"loc":{"start":{"line":7,"column":35},"end":{"line":9,"column":5}},"line":7},"2":{"name":"(anonymous_2)","decl":{"start":{"line":11,"column":29},"end":{"line":11,"column":30}},"loc":{"start":{"line":11,"column":38},"end":{"line":13,"column":5}},"line":11},"3":{"name":"(anonymous_3)","decl":{"start":{"line":23,"column":119},"end":{"line":23,"column":120}},"loc":{"start":{"line":23,"column":125},"end":{"line":23,"column":145}},"line":23},"4":{"name":"(anonymous_4)","decl":{"start":{"line":24,"column":98},"end":{"line":24,"column":99}},"loc":{"start":{"line":24,"column":104},"end":{"line":24,"column":127}},"line":24}},"branchMap":{"0":{"loc":{"start":{"line":22,"column":17},"end":{"line":22,"column":66}},"type":"cond-expr","locations":[{"start":{"line":22,"column":39},"end":{"line":22,"column":49}},{"start":{"line":22,"column":52},"end":{"line":22,"column":66}}],"line":22}},"s":{"0":1,"1":139,"2":139,"3":1,"4":139,"5":0,"6":139,"7":1,"8":0},"f":{"0":139,"1":1,"2":0,"3":1,"4":0},"b":{"0":[95,44]},"_coverageSchema":"1a1c01bbd47fc00a2c39e90264f33305004495a9","hash":"321d1d53ebafed5cf0d2fe5e6100b569d56e6459"}
,"E:\\projects\\FoodVilla\\src\\components\\RestaurantMenu.js": {"path":"E:\\projects\\FoodVilla\\src\\components\\RestaurantMenu.js","statementMap":{"0":{"start":{"line":10,"column":23},"end":{"line":42,"column":1}},"1":{"start":{"line":11,"column":17},"end":{"line":11,"column":28}},"2":{"start":{"line":12,"column":24},"end":{"line":12,"column":40}},"3":{"start":{"line":13,"column":21},"end":{"line":13,"column":34}},"4":{"start":{"line":14,"column":26},"end":{"line":16,"column":5}},"5":{"start":{"line":15,"column":8},"end":{"line":15,"column":36}},"6":{"start":{"line":18,"column":4},"end":{"line":41,"column":5}},"7":{"start":{"line":36,"column":75},"end":{"line":36,"column":111}}},"fnMap":{"0":{"name":"(anonymous_0)","decl":{"start":{"line":10,"column":23},"end":{"line":10,"column":24}},"loc":{"start":{"line":10,"column":28},"end":{"line":42,"column":1}},"line":10},"1":{"name":"(anonymous_1)","decl":{"start":{"line":14,"column":26},"end":{"line":14,"column":27}},"loc":{"start":{"line":14,"column":31},"end":{"line":16,"column":5}},"line":14},"2":{"name":"(anonymous_2)","decl":{"start":{"line":36,"column":68},"end":{"line":36,"column":69}},"loc":{"start":{"line":36,"column":75},"end":{"line":36,"column":111}},"line":36}},"branchMap":{"0":{"loc":{"start":{"line":18,"column":11},"end":{"line":41,"column":5}},"type":"cond-expr","locations":[{"start":{"line":18,"column":28},"end":{"line":18,"column":39}},{"start":{"line":19,"column":8},"end":{"line":40,"column":14}}],"line":18}},"s":{"0":1,"1":2,"2":2,"3":2,"4":2,"5":0,"6":2,"7":138},"f":{"0":2,"1":0,"2":138},"b":{"0":[1,1]},"_coverageSchema":"1a1c01bbd47fc00a2c39e90264f33305004495a9","hash":"1799c8ffb1fe913f9145803ae18f2f42dc22386e"}
,"E:\\projects\\FoodVilla\\src\\components\\Shimmer.js": {"path":"E:\\projects\\FoodVilla\\src\\components\\Shimmer.js","statementMap":{"0":{"start":{"line":1,"column":16},"end":{"line":17,"column":1}},"1":{"start":{"line":2,"column":2},"end":{"line":16,"column":4}},"2":{"start":{"line":9,"column":12},"end":{"line":12,"column":19}}},"fnMap":{"0":{"name":"(anonymous_0)","decl":{"start":{"line":1,"column":16},"end":{"line":1,"column":17}},"loc":{"start":{"line":1,"column":22},"end":{"line":17,"column":1}},"line":1},"1":{"name":"(anonymous_1)","decl":{"start":{"line":8,"column":15},"end":{"line":8,"column":16}},"loc":{"start":{"line":9,"column":12},"end":{"line":12,"column":19}},"line":9}},"branchMap":{},"s":{"0":2,"1":4,"2":72},"f":{"0":4,"1":72},"b":{},"_coverageSchema":"1a1c01bbd47fc00a2c39e90264f33305004495a9","hash":"d7ebca4af396ca1a7847d363e20613689a9813de"}
,"E:\\projects\\FoodVilla\\src\\mocks\\dummyData.js": {"path":"E:\\projects\\FoodVilla\\src\\mocks\\dummyData.js","statementMap":{"0":{"start":{"line":1,"column":31},"end":{"line":17752,"column":1}},"1":{"start":{"line":17754,"column":31},"end":{"line":23287,"column":1}}},"fnMap":{},"branchMap":{},"s":{"0":2,"1":2},"f":{},"b":{},"_coverageSchema":"1a1c01bbd47fc00a2c39e90264f33305004495a9","hash":"0dfdda467cdb0bb422c762862c0457a10a3a84b5"}
,"E:\\projects\\FoodVilla\\src\\mocks\\dummyLogo.js": {"path":"E:\\projects\\FoodVilla\\src\\mocks\\dummyLogo.js","statementMap":{},"fnMap":{},"branchMap":{},"s":{},"f":{},"b":{},"_coverageSchema":"1a1c01bbd47fc00a2c39e90264f33305004495a9","hash":"25f8d5a06b13ddced4f8b8752e3150a57970b6e9"}
,"E:\\projects\\FoodVilla\\src\\utils\\store.js": {"path":"E:\\projects\\FoodVilla\\src\\utils\\store.js","statementMap":{"0":{"start":{"line":4,"column":14},"end":{"line":8,"column":2}}},"fnMap":{},"branchMap":{},"s":{"0":3},"f":{},"b":{},"_coverageSchema":"1a1c01bbd47fc00a2c39e90264f33305004495a9","hash":"b6c9abd12b6c54250d6833878542201ace032b5a"}
}
