TN:
SF:src\components\Body.js
FN:9,(anonymous_0)
FN:13,(anonymous_1)
FN:17,(anonymous_2)
FN:36,(anonymous_3)
FN:41,(anonymous_4)
FN:52,(anonymous_5)
FNF:6
FNH:6
FNDA:8,(anonymous_0)
FNDA:3,(anonymous_1)
FNDA:3,(anonymous_2)
FNDA:1,(anonymous_3)
FNDA:1,(anonymous_4)
FNDA:46,(anonymous_5)
DA:9,1
DA:10,8
DA:11,7
DA:12,7
DA:13,7
DA:14,3
DA:17,7
DA:18,3
DA:21,3
DA:22,3
DA:23,3
DA:26,7
DA:36,1
DA:42,1
DA:53,46
LF:15
LH:15
BRDA:26,0,0,3
BRDA:26,0,1,4
BRDA:49,1,0,0
BRDA:49,1,1,4
BRF:4
BRH:3
end_of_record
TN:
SF:src\components\Header.js
FN:9,(anonymous_0)
FN:15,(anonymous_1)
FN:18,(anonymous_2)
FN:33,(anonymous_3)
FN:33,(anonymous_4)
FNF:5
FNH:3
FNDA:5,(anonymous_0)
FNDA:5,(anonymous_1)
FNDA:6,(anonymous_2)
FNDA:0,(anonymous_3)
FNDA:0,(anonymous_4)
DA:9,2
DA:10,5
DA:15,2
DA:16,5
DA:17,5
DA:18,6
DA:19,5
DA:33,0
LF:8
LH:7
BRDA:31,0,0,5
BRDA:31,0,1,0
BRDA:33,1,0,0
BRDA:33,1,1,5
BRF:4
BRH:2
end_of_record
TN:
SF:src\components\MenuItem.js
FN:5,(anonymous_0)
FN:7,(anonymous_1)
FN:11,(anonymous_2)
FN:23,(anonymous_3)
FN:24,(anonymous_4)
FNF:5
FNH:3
FNDA:139,(anonymous_0)
FNDA:1,(anonymous_1)
FNDA:0,(anonymous_2)
FNDA:1,(anonymous_3)
FNDA:0,(anonymous_4)
DA:5,1
DA:6,139
DA:7,139
DA:8,1
DA:11,139
DA:12,0
DA:14,139
DA:23,1
DA:24,0
LF:9
LH:7
BRDA:22,0,0,95
BRDA:22,0,1,44
BRF:2
BRH:2
end_of_record
TN:
SF:src\components\RestaurantMenu.js
FN:10,(anonymous_0)
FN:14,(anonymous_1)
FN:36,(anonymous_2)
FNF:3
FNH:2
FNDA:2,(anonymous_0)
FNDA:0,(anonymous_1)
FNDA:138,(anonymous_2)
DA:10,1
DA:11,2
DA:12,2
DA:13,2
DA:14,2
DA:15,0
DA:18,2
DA:36,138
LF:8
LH:7
BRDA:18,0,0,1
BRDA:18,0,1,1
BRF:2
BRH:2
end_of_record
TN:
SF:src\components\Shimmer.js
FN:1,(anonymous_0)
FN:8,(anonymous_1)
FNF:2
FNH:2
FNDA:4,(anonymous_0)
FNDA:72,(anonymous_1)
DA:1,2
DA:2,4
DA:9,72
LF:3
LH:3
BRF:0
BRH:0
end_of_record
TN:
SF:src\mocks\dummyData.js
FNF:0
FNH:0
DA:1,2
DA:17754,2
LF:2
LH:2
BRF:0
BRH:0
end_of_record
TN:
SF:src\mocks\dummyLogo.js
FNF:0
FNH:0
LF:0
LH:0
BRF:0
BRH:0
end_of_record
TN:
SF:src\utils\store.js
FNF:0
FNH:0
DA:4,3
LF:1
LH:1
BRF:0
BRH:0
end_of_record
